# JRE version: OpenJDK Runtime Environment (8.0_171-b11) (build 1.8.0_171-8u171-b11-0ubuntu0.17.10.1-b11)
# Java VM: OpenJDK 64-Bit Server VM (25.171-b11 mixed mode linux-amd64 compressed oops)
Heap:
 PSYoungGen      total 2797568K, used 0K [0x00000006eab00000, 0x00000007bb600000, 0x00000007c0000000)
  eden space 2141696K, 0% used [0x00000006eab00000,0x00000006eab00000,0x000000076d680000)
  from space 655872K, 0% used [0x000000076d680000,0x000000076d680000,0x0000000795700000)
  to   space 615936K, 0% used [0x0000000795c80000,0x0000000795c80000,0x00000007bb600000)
 ParOldGen       total 1473536K, used 1384181K [0x0000000540000000, 0x0000000599f00000, 0x00000006eab00000)
  object space 1473536K, 93% used [0x0000000540000000,0x00000005947bd7a0,0x0000000599f00000)
 Metaspace       used 20781K, capacity 21166K, committed 21248K, reserved 1069056K
  class space    used 2393K, capacity 2521K, committed 2560K, reserved 1048576K
GC Heap History (10 events):
Event: 507,247 GC heap after
Heap after GC invocations=13 (full 2):
 PSYoungGen      total 2753536K, used 50710K [0x00000006eab00000, 0x00000007c0000000, 0x00000007c0000000)
  eden space 2055168K, 0% used [0x00000006eab00000,0x00000006eab00000,0x0000000768200000)
  from space 698368K, 7% used [0x0000000768200000,0x000000076b385978,0x0000000792c00000)
  to   space 692224K, 0% used [0x0000000795c00000,0x0000000795c00000,0x00000007c0000000)
 ParOldGen       total 1473536K, used 803510K [0x0000000540000000, 0x0000000599f00000, 0x00000006eab00000)
  object space 1473536K, 54% used [0x0000000540000000,0x00000005710ad9b8,0x0000000599f00000)
 Metaspace       used 20739K, capacity 21166K, committed 21248K, reserved 1069056K
  class space    used 2392K, capacity 2521K, committed 2560K, reserved 1048576K
}
Event: 586,279 GC heap before
{Heap before GC invocations=14 (full 2):
 PSYoungGen      total 2753536K, used 2105878K [0x00000006eab00000, 0x00000007c0000000, 0x00000007c0000000)
  eden space 2055168K, 100% used [0x00000006eab00000,0x0000000768200000,0x0000000768200000)
  from space 698368K, 7% used [0x0000000768200000,0x000000076b385978,0x0000000792c00000)
  to   space 692224K, 0% used [0x0000000795c00000,0x0000000795c00000,0x00000007c0000000)
 ParOldGen       total 1473536K, used 803510K [0x0000000540000000, 0x0000000599f00000, 0x00000006eab00000)
  object space 1473536K, 54% used [0x0000000540000000,0x00000005710ad9b8,0x0000000599f00000)
 Metaspace       used 20767K, capacity 21166K, committed 21248K, reserved 1069056K
  class space    used 2393K, capacity 2521K, committed 2560K, reserved 1048576K
Event: 586,348 GC heap after
Heap after GC invocations=14 (full 2):
 PSYoungGen      total 2770944K, used 36829K [0x00000006eab00000, 0x00000007be700000, 0x00000007c0000000)
  eden space 2104320K, 0% used [0x00000006eab00000,0x00000006eab00000,0x000000076b200000)
  from space 666624K, 5% used [0x0000000795c00000,0x0000000797ff7698,0x00000007be700000)
  to   space 682496K, 0% used [0x000000076b200000,0x000000076b200000,0x0000000794c80000)
 ParOldGen       total 1473536K, used 803771K [0x0000000540000000, 0x0000000599f00000, 0x00000006eab00000)
  object space 1473536K, 54% used [0x0000000540000000,0x00000005710eeda8,0x0000000599f00000)
 Metaspace       used 20767K, capacity 21166K, committed 21248K, reserved 1069056K
  class space    used 2393K, capacity 2521K, committed 2560K, reserved 1048576K
}
Event: 749,706 GC heap before
{Heap before GC invocations=15 (full 2):
 PSYoungGen      total 2770944K, used 2095992K [0x00000006eab00000, 0x00000007be700000, 0x00000007c0000000)
  eden space 2104320K, 97% used [0x00000006eab00000,0x00000007685e6c68,0x000000076b200000)
  from space 666624K, 5% used [0x0000000795c00000,0x0000000797ff7698,0x00000007be700000)
  to   space 682496K, 0% used [0x000000076b200000,0x000000076b200000,0x0000000794c80000)
 ParOldGen       total 1473536K, used 803771K [0x0000000540000000, 0x0000000599f00000, 0x00000006eab00000)
  object space 1473536K, 54% used [0x0000000540000000,0x00000005710eeda8,0x0000000599f00000)
 Metaspace       used 20769K, capacity 21166K, committed 21248K, reserved 1069056K
  class space    used 2393K, capacity 2521K, committed 2560K, reserved 1048576K
Event: 749,768 GC heap after
Heap after GC invocations=15 (full 2):
 PSYoungGen      total 2786816K, used 264747K [0x00000006eab00000, 0x00000007bd380000, 0x00000007c0000000)
  eden space 2104320K, 0% used [0x00000006eab00000,0x00000006eab00000,0x000000076b200000)
  from space 682496K, 38% used [0x000000076b200000,0x000000077b48afe8,0x0000000794c80000)
  to   space 651776K, 0% used [0x0000000795700000,0x0000000795700000,0x00000007bd380000)
 ParOldGen       total 1473536K, used 804162K [0x0000000540000000, 0x0000000599f00000, 0x00000006eab00000)
  object space 1473536K, 54% used [0x0000000540000000,0x0000000571150878,0x0000000599f00000)
 Metaspace       used 20769K, capacity 21166K, committed 21248K, reserved 1069056K
  class space    used 2393K, capacity 2521K, committed 2560K, reserved 1048576K
}
Event: 764,707 GC heap before
{Heap before GC invocations=16 (full 2):
 PSYoungGen      total 2786816K, used 2369067K [0x00000006eab00000, 0x00000007bd380000, 0x00000007c0000000)
  eden space 2104320K, 100% used [0x00000006eab00000,0x000000076b200000,0x000000076b200000)
  from space 682496K, 38% used [0x000000076b200000,0x000000077b48afe8,0x0000000794c80000)
  to   space 651776K, 0% used [0x0000000795700000,0x0000000795700000,0x00000007bd380000)
 ParOldGen       total 1473536K, used 804162K [0x0000000540000000, 0x0000000599f00000, 0x00000006eab00000)
  object space 1473536K, 54% used [0x0000000540000000,0x0000000571150878,0x0000000599f00000)
 Metaspace       used 20780K, capacity 21166K, committed 21248K, reserved 1069056K
  class space    used 2393K, capacity 2521K, committed 2560K, reserved 1048576K
Event: 764,912 GC heap after
Heap after GC invocations=16 (full 2):
 PSYoungGen      total 2793472K, used 353141K [0x00000006eab00000, 0x00000007bea00000, 0x00000007c0000000)
  eden space 2141696K, 0% used [0x00000006eab00000,0x00000006eab00000,0x000000076d680000)
  from space 651776K, 54% used [0x0000000795700000,0x00000007aafdd578,0x00000007bd380000)
  to   space 655872K, 0% used [0x000000076d680000,0x000000076d680000,0x0000000795700000)
 ParOldGen       total 1473536K, used 834271K [0x0000000540000000, 0x0000000599f00000, 0x00000006eab00000)
  object space 1473536K, 56% used [0x0000000540000000,0x0000000572eb7f88,0x0000000599f00000)
 Metaspace       used 20780K, capacity 21166K, committed 21248K, reserved 1069056K
  class space    used 2393K, capacity 2521K, committed 2560K, reserved 1048576K
}
Event: 786,784 GC heap before
{Heap before GC invocations=17 (full 2):
 PSYoungGen      total 2793472K, used 2494837K [0x00000006eab00000, 0x00000007bea00000, 0x00000007c0000000)
  eden space 2141696K, 100% used [0x00000006eab00000,0x000000076d680000,0x000000076d680000)
  from space 651776K, 54% used [0x0000000795700000,0x00000007aafdd578,0x00000007bd380000)
  to   space 655872K, 0% used [0x000000076d680000,0x000000076d680000,0x0000000795700000)
 ParOldGen       total 1473536K, used 834271K [0x0000000540000000, 0x0000000599f00000, 0x00000006eab00000)
  object space 1473536K, 56% used [0x0000000540000000,0x0000000572eb7f88,0x0000000599f00000)
 Metaspace       used 20781K, capacity 21166K, committed 21248K, reserved 1069056K
  class space    used 2393K, capacity 2521K, committed 2560K, reserved 1048576K
Event: 787,185 GC heap after
Heap after GC invocations=17 (full 2):
 PSYoungGen      total 2797568K, used 245695K [0x00000006eab00000, 0x00000007bb600000, 0x00000007c0000000)
  eden space 2141696K, 0% used [0x00000006eab00000,0x00000006eab00000,0x000000076d680000)
  from space 655872K, 37% used [0x000000076d680000,0x000000077c66fca0,0x0000000795700000)
  to   space 615936K, 0% used [0x0000000795c80000,0x0000000795c80000,0x00000007bb600000)
 ParOldGen       total 1473536K, used 1186440K [0x0000000540000000, 0x0000000599f00000, 0x00000006eab00000)
  object space 1473536K, 80% used [0x0000000540000000,0x00000005886a22f8,0x0000000599f00000)
 Metaspace       used 20781K, capacity 21166K, committed 21248K, reserved 1069056K
  class space    used 2393K, capacity 2521K, committed 2560K, reserved 1048576K
}
Event: 787,192 GC heap before
{Heap before GC invocations=18 (full 3):
 PSYoungGen      total 2797568K, used 245695K [0x00000006eab00000, 0x00000007bb600000, 0x00000007c0000000)
  eden space 2141696K, 0% used [0x00000006eab00000,0x00000006eab00000,0x000000076d680000)
  from space 655872K, 37% used [0x000000076d680000,0x000000077c66fca0,0x0000000795700000)
  to   space 615936K, 0% used [0x0000000795c80000,0x0000000795c80000,0x00000007bb600000)
 ParOldGen       total 1473536K, used 1186440K [0x0000000540000000, 0x0000000599f00000, 0x00000006eab00000)
  object space 1473536K, 80% used [0x0000000540000000,0x00000005886a22f8,0x0000000599f00000)
 Metaspace       used 20781K, capacity 21166K, committed 21248K, reserved 1069056K
  class space    used 2393K, capacity 2521K, committed 2560K, reserved 1048576K

